{"C:\\Users\\hp\\Desktop\\VScode\\bellhotel\\app.ts": {"path":"C:\\Users\\hp\\Desktop\\VScode\\bellhotel\\app.ts","statementMap":{"0":{"start":{"line":2,"column":0},"end":{"line":2,"column":28}},"1":{"start":{"line":3,"column":0},"end":{"line":3,"column":43}},"2":{"start":{"line":4,"column":0},"end":{"line":4,"column":24}},"3":{"start":{"line":5,"column":0},"end":{"line":5,"column":51}},"4":{"start":{"line":6,"column":0},"end":{"line":6,"column":49}},"5":{"start":{"line":7,"column":0},"end":{"line":7,"column":45}},"6":{"start":{"line":8,"column":0},"end":{"line":8,"column":55}},"7":{"start":{"line":9,"column":0},"end":{"line":9,"column":55}},"8":{"start":{"line":10,"column":0},"end":{"line":10,"column":53}},"9":{"start":{"line":11,"column":0},"end":{"line":11,"column":43}},"10":{"start":{"line":13,"column":0},"end":{"line":13,"column":16}},"11":{"start":{"line":17,"column":21},"end":{"line":17,"column":30}},"12":{"start":{"line":21,"column":0},"end":{"line":21,"column":16}},"13":{"start":{"line":22,"column":0},"end":{"line":22,"column":24}},"14":{"start":{"line":23,"column":0},"end":{"line":23,"column":48}},"15":{"start":{"line":25,"column":0},"end":{"line":25,"column":28}},"16":{"start":{"line":26,"column":0},"end":{"line":26,"column":30}},"17":{"start":{"line":27,"column":0},"end":{"line":27,"column":31}},"18":{"start":{"line":28,"column":0},"end":{"line":28,"column":36}},"19":{"start":{"line":29,"column":0},"end":{"line":29,"column":32}},"20":{"start":{"line":30,"column":0},"end":{"line":30,"column":33}},"21":{"start":{"line":31,"column":0},"end":{"line":31,"column":30}},"22":{"start":{"line":33,"column":0},"end":{"line":33,"column":19}}},"fnMap":{},"branchMap":{},"s":{"0":7,"1":7,"2":7,"3":7,"4":7,"5":7,"6":7,"7":7,"8":7,"9":7,"10":7,"11":7,"12":7,"13":7,"14":7,"15":7,"16":7,"17":7,"18":7,"19":7,"20":7,"21":7,"22":7},"f":{},"b":{}}
,"C:\\Users\\hp\\Desktop\\VScode\\bellhotel\\scripts.ts": {"path":"C:\\Users\\hp\\Desktop\\VScode\\bellhotel\\scripts.ts","statementMap":{"0":{"start":{"line":2,"column":0},"end":{"line":2,"column":28}},"1":{"start":{"line":3,"column":0},"end":{"line":3,"column":61}},"2":{"start":{"line":4,"column":0},"end":{"line":4,"column":85}},"3":{"start":{"line":5,"column":0},"end":{"line":5,"column":57}},"4":{"start":{"line":6,"column":0},"end":{"line":6,"column":61}},"5":{"start":{"line":7,"column":0},"end":{"line":7,"column":30}},"6":{"start":{"line":9,"column":0},"end":{"line":9,"column":16}},"7":{"start":{"line":13,"column":18},"end":{"line":17,"column":6}},"8":{"start":{"line":18,"column":4},"end":{"line":18,"column":35}},"9":{"start":{"line":19,"column":4},"end":{"line":19,"column":23}},"10":{"start":{"line":12,"column":0},"end":{"line":12,"column":22}},"11":{"start":{"line":23,"column":19},"end":{"line":28,"column":6}},"12":{"start":{"line":29,"column":4},"end":{"line":29,"column":26}},"13":{"start":{"line":30,"column":4},"end":{"line":30,"column":24}},"14":{"start":{"line":22,"column":0},"end":{"line":22,"column":22}},"15":{"start":{"line":34,"column":20},"end":{"line":38,"column":6}},"16":{"start":{"line":40,"column":4},"end":{"line":40,"column":27}},"17":{"start":{"line":41,"column":4},"end":{"line":41,"column":25}},"18":{"start":{"line":33,"column":0},"end":{"line":33,"column":22}},"19":{"start":{"line":45,"column":26},"end":{"line":52,"column":6}},"20":{"start":{"line":54,"column":4},"end":{"line":54,"column":33}},"21":{"start":{"line":55,"column":4},"end":{"line":55,"column":31}},"22":{"start":{"line":44,"column":0},"end":{"line":44,"column":22}},"23":{"start":{"line":59,"column":17},"end":{"line":59,"column":48}},"24":{"start":{"line":60,"column":4},"end":{"line":62,"column":5}},"25":{"start":{"line":61,"column":8},"end":{"line":61,"column":50}},"26":{"start":{"line":63,"column":4},"end":{"line":63,"column":44}},"27":{"start":{"line":58,"column":0},"end":{"line":58,"column":22}},"28":{"start":{"line":67,"column":16},"end":{"line":67,"column":45}},"29":{"start":{"line":68,"column":4},"end":{"line":70,"column":5}},"30":{"start":{"line":69,"column":8},"end":{"line":69,"column":49}},"31":{"start":{"line":71,"column":4},"end":{"line":71,"column":42}},"32":{"start":{"line":66,"column":0},"end":{"line":66,"column":22}},"33":{"start":{"line":75,"column":17},"end":{"line":75,"column":48}},"34":{"start":{"line":76,"column":4},"end":{"line":78,"column":5}},"35":{"start":{"line":77,"column":8},"end":{"line":77,"column":50}},"36":{"start":{"line":79,"column":4},"end":{"line":79,"column":44}},"37":{"start":{"line":74,"column":0},"end":{"line":74,"column":22}},"38":{"start":{"line":83,"column":23},"end":{"line":83,"column":66}},"39":{"start":{"line":84,"column":4},"end":{"line":86,"column":5}},"40":{"start":{"line":85,"column":8},"end":{"line":85,"column":56}},"41":{"start":{"line":87,"column":4},"end":{"line":87,"column":56}},"42":{"start":{"line":82,"column":0},"end":{"line":82,"column":22}}},"fnMap":{"0":{"name":"generaUtenteTest","decl":{"start":{"line":12,"column":22},"end":{"line":12,"column":38}},"loc":{"start":{"line":12,"column":87},"end":{"line":20,"column":null}}},"1":{"name":"generaHotelTest","decl":{"start":{"line":22,"column":22},"end":{"line":22,"column":37}},"loc":{"start":{"line":22,"column":110},"end":{"line":31,"column":null}}},"2":{"name":"generaStanzaTest","decl":{"start":{"line":33,"column":22},"end":{"line":33,"column":38}},"loc":{"start":{"line":33,"column":109},"end":{"line":42,"column":null}}},"3":{"name":"generaPrenotazioneTest","decl":{"start":{"line":44,"column":22},"end":{"line":44,"column":44}},"loc":{"start":{"line":44,"column":162},"end":{"line":56,"column":null}}},"4":{"name":"deleteUtenteTest","decl":{"start":{"line":58,"column":22},"end":{"line":58,"column":38}},"loc":{"start":{"line":58,"column":55},"end":{"line":64,"column":null}}},"5":{"name":"deleteHotelTest","decl":{"start":{"line":66,"column":22},"end":{"line":66,"column":37}},"loc":{"start":{"line":66,"column":53},"end":{"line":72,"column":null}}},"6":{"name":"deleteStanzaTest","decl":{"start":{"line":74,"column":22},"end":{"line":74,"column":38}},"loc":{"start":{"line":74,"column":55},"end":{"line":80,"column":null}}},"7":{"name":"deletePrenotazioneTest","decl":{"start":{"line":82,"column":22},"end":{"line":82,"column":44}},"loc":{"start":{"line":82,"column":67},"end":{"line":88,"column":null}}}},"branchMap":{"0":{"loc":{"start":{"line":60,"column":4},"end":{"line":62,"column":5}},"type":"if","locations":[{"start":{"line":60,"column":4},"end":{"line":62,"column":5}}]},"1":{"loc":{"start":{"line":68,"column":4},"end":{"line":70,"column":5}},"type":"if","locations":[{"start":{"line":68,"column":4},"end":{"line":70,"column":5}}]},"2":{"loc":{"start":{"line":76,"column":4},"end":{"line":78,"column":5}},"type":"if","locations":[{"start":{"line":76,"column":4},"end":{"line":78,"column":5}}]},"3":{"loc":{"start":{"line":84,"column":4},"end":{"line":86,"column":5}},"type":"if","locations":[{"start":{"line":84,"column":4},"end":{"line":86,"column":5}}]}},"s":{"0":7,"1":7,"2":7,"3":7,"4":7,"5":7,"6":7,"7":15,"8":15,"9":15,"10":7,"11":7,"12":7,"13":7,"14":7,"15":4,"16":4,"17":4,"18":7,"19":3,"20":3,"21":3,"22":7,"23":18,"24":18,"25":0,"26":18,"27":7,"28":8,"29":8,"30":0,"31":8,"32":7,"33":2,"34":2,"35":0,"36":2,"37":7,"38":3,"39":3,"40":0,"41":3,"42":7},"f":{"0":15,"1":7,"2":4,"3":3,"4":18,"5":8,"6":2,"7":3},"b":{"0":[0],"1":[0],"2":[0],"3":[0]}}
,"C:\\Users\\hp\\Desktop\\VScode\\bellhotel\\models\\Utente.ts": {"path":"C:\\Users\\hp\\Desktop\\VScode\\bellhotel\\models\\Utente.ts","statementMap":{"0":{"start":{"line":1,"column":0},"end":{"line":1,"column":44}},"1":{"start":{"line":4,"column":0},"end":{"line":4,"column":null}},"2":{"start":{"line":5,"column":4},"end":{"line":5,"column":null}},"3":{"start":{"line":6,"column":4},"end":{"line":6,"column":null}},"4":{"start":{"line":16,"column":15},"end":{"line":31,"column":23}},"5":{"start":{"line":32,"column":0},"end":{"line":32,"column":55}}},"fnMap":{"0":{"name":"(anonymous_6)","decl":{"start":{"line":4,"column":0},"end":{"line":4,"column":5}},"loc":{"start":{"line":4,"column":25},"end":{"line":7,"column":1}}}},"branchMap":{"0":{"loc":{"start":{"line":4,"column":5},"end":{"line":4,"column":null}},"type":"binary-expr","locations":[{"start":{"line":4,"column":5},"end":{"line":4,"column":25}},{"start":{"line":4,"column":5},"end":{"line":4,"column":null}}]}},"s":{"0":7,"1":7,"2":7,"3":7,"4":7,"5":7},"f":{"0":7},"b":{"0":[7,7]}}
,"C:\\Users\\hp\\Desktop\\VScode\\bellhotel\\models\\hotel.ts": {"path":"C:\\Users\\hp\\Desktop\\VScode\\bellhotel\\models\\hotel.ts","statementMap":{"0":{"start":{"line":1,"column":0},"end":{"line":1,"column":44}},"1":{"start":{"line":12,"column":20},"end":{"line":29,"column":24}},"2":{"start":{"line":30,"column":0},"end":{"line":30,"column":58}}},"fnMap":{},"branchMap":{},"s":{"0":7,"1":7,"2":7},"f":{},"b":{}}
,"C:\\Users\\hp\\Desktop\\VScode\\bellhotel\\models\\prenotazione.ts": {"path":"C:\\Users\\hp\\Desktop\\VScode\\bellhotel\\models\\prenotazione.ts","statementMap":{"0":{"start":{"line":1,"column":0},"end":{"line":1,"column":44}},"1":{"start":{"line":15,"column":27},"end":{"line":41,"column":31}},"2":{"start":{"line":42,"column":0},"end":{"line":42,"column":79}}},"fnMap":{},"branchMap":{},"s":{"0":7,"1":7,"2":7},"f":{},"b":{}}
,"C:\\Users\\hp\\Desktop\\VScode\\bellhotel\\models\\stanza.ts": {"path":"C:\\Users\\hp\\Desktop\\VScode\\bellhotel\\models\\stanza.ts","statementMap":{"0":{"start":{"line":1,"column":0},"end":{"line":1,"column":44}},"1":{"start":{"line":11,"column":21},"end":{"line":25,"column":25}},"2":{"start":{"line":26,"column":0},"end":{"line":26,"column":61}}},"fnMap":{},"branchMap":{},"s":{"0":7,"1":7,"2":7},"f":{},"b":{}}
,"C:\\Users\\hp\\Desktop\\VScode\\bellhotel\\routes\\autenticazione.ts": {"path":"C:\\Users\\hp\\Desktop\\VScode\\bellhotel\\routes\\autenticazione.ts","statementMap":{"0":{"start":{"line":2,"column":0},"end":{"line":2,"column":30}},"1":{"start":{"line":4,"column":0},"end":{"line":4,"column":38}},"2":{"start":{"line":7,"column":19},"end":{"line":7,"column":35}},"3":{"start":{"line":10,"column":0},"end":{"line":42,"column":3}},"4":{"start":{"line":10,"column":43},"end":{"line":42,"column":2}},"5":{"start":{"line":12,"column":5},"end":{"line":15,"column":6}},"6":{"start":{"line":13,"column":9},"end":{"line":13,"column":56}},"7":{"start":{"line":14,"column":9},"end":{"line":14,"column":16}},"8":{"start":{"line":17,"column":5},"end":{"line":20,"column":6}},"9":{"start":{"line":18,"column":9},"end":{"line":18,"column":null}},"10":{"start":{"line":19,"column":10},"end":{"line":19,"column":17}},"11":{"start":{"line":22,"column":17},"end":{"line":22,"column":62}},"12":{"start":{"line":23,"column":4},"end":{"line":26,"column":5}},"13":{"start":{"line":24,"column":8},"end":{"line":24,"column":52}},"14":{"start":{"line":25,"column":8},"end":{"line":25,"column":15}},"15":{"start":{"line":28,"column":20},"end":{"line":33,"column":6}},"16":{"start":{"line":34,"column":4},"end":{"line":34,"column":39}},"17":{"start":{"line":35,"column":4},"end":{"line":40,"column":7}},"18":{"start":{"line":44,"column":0},"end":{"line":61,"column":3}},"19":{"start":{"line":44,"column":43},"end":{"line":61,"column":2}},"20":{"start":{"line":45,"column":17},"end":{"line":45,"column":91}},"21":{"start":{"line":46,"column":4},"end":{"line":49,"column":5}},"22":{"start":{"line":47,"column":8},"end":{"line":47,"column":53}},"23":{"start":{"line":48,"column":8},"end":{"line":48,"column":15}},"24":{"start":{"line":50,"column":4},"end":{"line":53,"column":5}},"25":{"start":{"line":51,"column":8},"end":{"line":51,"column":53}},"26":{"start":{"line":52,"column":8},"end":{"line":52,"column":15}},"27":{"start":{"line":55,"column":4},"end":{"line":60,"column":7}},"28":{"start":{"line":67,"column":13},"end":{"line":67,"column":168}},"29":{"start":{"line":68,"column":4},"end":{"line":68,"column":25}},"30":{"start":{"line":73,"column":13},"end":{"line":73,"column":63}},"31":{"start":{"line":74,"column":4},"end":{"line":74,"column":25}},"32":{"start":{"line":77,"column":0},"end":{"line":77,"column":26}}},"fnMap":{"0":{"name":"(anonymous_8)","decl":{"start":{"line":10,"column":26},"end":{"line":10,"column":33}},"loc":{"start":{"line":10,"column":43},"end":{"line":42,"column":2}}},"1":{"name":"(anonymous_9)","decl":{"start":{"line":10,"column":43},"end":{"line":10,"column":null}},"loc":{"start":{"line":10,"column":43},"end":{"line":42,"column":1}}},"2":{"name":"(anonymous_10)","decl":{"start":{"line":44,"column":26},"end":{"line":44,"column":33}},"loc":{"start":{"line":44,"column":43},"end":{"line":61,"column":2}}},"3":{"name":"(anonymous_11)","decl":{"start":{"line":44,"column":43},"end":{"line":44,"column":null}},"loc":{"start":{"line":44,"column":43},"end":{"line":61,"column":1}}},"4":{"name":"validateEmail","decl":{"start":{"line":66,"column":9},"end":{"line":66,"column":22}},"loc":{"start":{"line":66,"column":34},"end":{"line":69,"column":1}}},"5":{"name":"validatePsw","decl":{"start":{"line":72,"column":9},"end":{"line":72,"column":20}},"loc":{"start":{"line":72,"column":32},"end":{"line":75,"column":1}}}},"branchMap":{"0":{"loc":{"start":{"line":12,"column":5},"end":{"line":15,"column":6}},"type":"if","locations":[{"start":{"line":12,"column":5},"end":{"line":15,"column":6}}]},"1":{"loc":{"start":{"line":12,"column":10},"end":{"line":12,"column":73}},"type":"binary-expr","locations":[{"start":{"line":12,"column":10},"end":{"line":12,"column":39}},{"start":{"line":12,"column":43},"end":{"line":12,"column":73}}]},"2":{"loc":{"start":{"line":17,"column":5},"end":{"line":20,"column":6}},"type":"if","locations":[{"start":{"line":17,"column":5},"end":{"line":20,"column":6}}]},"3":{"loc":{"start":{"line":17,"column":8},"end":{"line":17,"column":78}},"type":"binary-expr","locations":[{"start":{"line":17,"column":8},"end":{"line":17,"column":41}},{"start":{"line":17,"column":45},"end":{"line":17,"column":78}}]},"4":{"loc":{"start":{"line":23,"column":4},"end":{"line":26,"column":5}},"type":"if","locations":[{"start":{"line":23,"column":4},"end":{"line":26,"column":5}}]},"5":{"loc":{"start":{"line":46,"column":4},"end":{"line":49,"column":5}},"type":"if","locations":[{"start":{"line":46,"column":4},"end":{"line":49,"column":5}}]},"6":{"loc":{"start":{"line":50,"column":4},"end":{"line":53,"column":5}},"type":"if","locations":[{"start":{"line":50,"column":4},"end":{"line":53,"column":5}}]}},"s":{"0":7,"1":7,"2":7,"3":7,"4":5,"5":5,"6":2,"7":2,"8":3,"9":1,"10":1,"11":2,"12":2,"13":1,"14":1,"15":1,"16":1,"17":1,"18":7,"19":3,"20":3,"21":3,"22":2,"23":2,"24":1,"25":0,"26":0,"27":1,"28":5,"29":5,"30":4,"31":4,"32":7},"f":{"0":5,"1":5,"2":3,"3":3,"4":5,"5":4},"b":{"0":[2],"1":[5,4],"2":[1],"3":[3,3],"4":[1],"5":[2],"6":[0]}}
,"C:\\Users\\hp\\Desktop\\VScode\\bellhotel\\routes\\eliminaAccount.ts": {"path":"C:\\Users\\hp\\Desktop\\VScode\\bellhotel\\routes\\eliminaAccount.ts","statementMap":{"0":{"start":{"line":1,"column":0},"end":{"line":1,"column":30}},"1":{"start":{"line":2,"column":0},"end":{"line":2,"column":38}},"2":{"start":{"line":3,"column":0},"end":{"line":3,"column":50}},"3":{"start":{"line":4,"column":0},"end":{"line":4,"column":37}},"4":{"start":{"line":5,"column":0},"end":{"line":5,"column":38}},"5":{"start":{"line":6,"column":0},"end":{"line":6,"column":33}},"6":{"start":{"line":8,"column":21},"end":{"line":8,"column":37}},"7":{"start":{"line":10,"column":0},"end":{"line":61,"column":7}},"8":{"start":{"line":10,"column":56},"end":{"line":61,"column":6}},"9":{"start":{"line":13,"column":4},"end":{"line":16,"column":5}},"10":{"start":{"line":14,"column":8},"end":{"line":14,"column":55}},"11":{"start":{"line":15,"column":8},"end":{"line":15,"column":15}},"12":{"start":{"line":17,"column":15},"end":{"line":17,"column":61}},"13":{"start":{"line":18,"column":4},"end":{"line":21,"column":5}},"14":{"start":{"line":19,"column":8},"end":{"line":19,"column":53}},"15":{"start":{"line":20,"column":8},"end":{"line":20,"column":15}},"16":{"start":{"line":23,"column":4},"end":{"line":60,"column":5}},"17":{"start":{"line":25,"column":27},"end":{"line":25,"column":72}},"18":{"start":{"line":26,"column":8},"end":{"line":37,"column":9}},"19":{"start":{"line":27,"column":12},"end":{"line":27,"column":57}},"20":{"start":{"line":28,"column":12},"end":{"line":28,"column":19}},"21":{"start":{"line":31,"column":12},"end":{"line":36,"column":16}},"22":{"start":{"line":31,"column":73},"end":{"line":36,"column":14}},"23":{"start":{"line":32,"column":33},"end":{"line":32,"column":61}},"24":{"start":{"line":33,"column":33},"end":{"line":33,"column":50}},"25":{"start":{"line":34,"column":20},"end":{"line":34,"column":67}},"26":{"start":{"line":35,"column":20},"end":{"line":35,"column":74}},"27":{"start":{"line":38,"column":8},"end":{"line":38,"column":48}},"28":{"start":{"line":39,"column":8},"end":{"line":39,"column":54}},"29":{"start":{"line":40,"column":8},"end":{"line":40,"column":15}},"30":{"start":{"line":45,"column":21},"end":{"line":45,"column":60}},"31":{"start":{"line":46,"column":8},"end":{"line":59,"column":9}},"32":{"start":{"line":47,"column":12},"end":{"line":47,"column":57}},"33":{"start":{"line":48,"column":12},"end":{"line":48,"column":19}},"34":{"start":{"line":52,"column":12},"end":{"line":55,"column":16}},"35":{"start":{"line":52,"column":60},"end":{"line":55,"column":14}},"36":{"start":{"line":53,"column":16},"end":{"line":53,"column":72}},"37":{"start":{"line":54,"column":16},"end":{"line":54,"column":56}},"38":{"start":{"line":56,"column":12},"end":{"line":56,"column":52}},"39":{"start":{"line":57,"column":12},"end":{"line":57,"column":58}},"40":{"start":{"line":58,"column":12},"end":{"line":58,"column":19}},"41":{"start":{"line":62,"column":0},"end":{"line":62,"column":28}}},"fnMap":{"0":{"name":"(anonymous_8)","decl":{"start":{"line":10,"column":39},"end":{"line":10,"column":46}},"loc":{"start":{"line":10,"column":56},"end":{"line":61,"column":6}}},"1":{"name":"(anonymous_9)","decl":{"start":{"line":10,"column":56},"end":{"line":10,"column":null}},"loc":{"start":{"line":10,"column":56},"end":{"line":61,"column":5}}},"2":{"name":"(anonymous_10)","decl":{"start":{"line":31,"column":47},"end":{"line":31,"column":54}},"loc":{"start":{"line":31,"column":73},"end":{"line":36,"column":14}}},"3":{"name":"(anonymous_11)","decl":{"start":{"line":31,"column":73},"end":{"line":31,"column":null}},"loc":{"start":{"line":31,"column":73},"end":{"line":36,"column":13}}},"4":{"name":"(anonymous_12)","decl":{"start":{"line":52,"column":41},"end":{"line":52,"column":48}},"loc":{"start":{"line":52,"column":60},"end":{"line":55,"column":14}}},"5":{"name":"(anonymous_13)","decl":{"start":{"line":52,"column":60},"end":{"line":52,"column":null}},"loc":{"start":{"line":52,"column":60},"end":{"line":55,"column":13}}}},"branchMap":{"0":{"loc":{"start":{"line":13,"column":4},"end":{"line":16,"column":5}},"type":"if","locations":[{"start":{"line":13,"column":4},"end":{"line":16,"column":5}}]},"1":{"loc":{"start":{"line":18,"column":4},"end":{"line":21,"column":5}},"type":"if","locations":[{"start":{"line":18,"column":4},"end":{"line":21,"column":5}}]},"2":{"loc":{"start":{"line":23,"column":4},"end":{"line":60,"column":5}},"type":"if","locations":[{"start":{"line":23,"column":4},"end":{"line":60,"column":5}},{"start":{"line":44,"column":8},"end":{"line":60,"column":5}}]},"3":{"loc":{"start":{"line":26,"column":8},"end":{"line":37,"column":9}},"type":"if","locations":[{"start":{"line":26,"column":8},"end":{"line":37,"column":9}},{"start":{"line":30,"column":12},"end":{"line":37,"column":9}}]},"4":{"loc":{"start":{"line":46,"column":8},"end":{"line":59,"column":9}},"type":"if","locations":[{"start":{"line":46,"column":8},"end":{"line":59,"column":9}},{"start":{"line":50,"column":12},"end":{"line":59,"column":9}}]}},"s":{"0":7,"1":7,"2":7,"3":7,"4":7,"5":7,"6":7,"7":7,"8":6,"9":6,"10":1,"11":1,"12":5,"13":5,"14":1,"15":1,"16":4,"17":2,"18":2,"19":0,"20":0,"21":2,"22":1,"23":1,"24":1,"25":1,"26":1,"27":2,"28":2,"29":2,"30":2,"31":2,"32":0,"33":0,"34":2,"35":1,"36":1,"37":1,"38":2,"39":2,"40":2,"41":7},"f":{"0":6,"1":6,"2":1,"3":1,"4":1,"5":1},"b":{"0":[1],"1":[1],"2":[2,2],"3":[0,2],"4":[0,2]}}
,"C:\\Users\\hp\\Desktop\\VScode\\bellhotel\\routes\\getIDs.ts": {"path":"C:\\Users\\hp\\Desktop\\VScode\\bellhotel\\routes\\getIDs.ts","statementMap":{"0":{"start":{"line":1,"column":0},"end":{"line":1,"column":30}},"1":{"start":{"line":2,"column":0},"end":{"line":2,"column":36}},"2":{"start":{"line":3,"column":0},"end":{"line":3,"column":49}},"3":{"start":{"line":4,"column":0},"end":{"line":4,"column":37}},"4":{"start":{"line":5,"column":0},"end":{"line":5,"column":32}},"5":{"start":{"line":7,"column":21},"end":{"line":7,"column":37}},"6":{"start":{"line":9,"column":0},"end":{"line":60,"column":3}},"7":{"start":{"line":9,"column":55},"end":{"line":60,"column":2}},"8":{"start":{"line":11,"column":21},"end":{"line":11,"column":40}},"9":{"start":{"line":13,"column":4},"end":{"line":16,"column":5}},"10":{"start":{"line":14,"column":8},"end":{"line":14,"column":55}},"11":{"start":{"line":15,"column":8},"end":{"line":15,"column":15}},"12":{"start":{"line":17,"column":17},"end":{"line":17,"column":54}},"13":{"start":{"line":18,"column":4},"end":{"line":59,"column":5}},"14":{"start":{"line":19,"column":8},"end":{"line":19,"column":53}},"15":{"start":{"line":23,"column":8},"end":{"line":58,"column":9}},"16":{"start":{"line":25,"column":92},"end":{"line":25,"column":94}},"17":{"start":{"line":26,"column":31},"end":{"line":26,"column":76}},"18":{"start":{"line":27,"column":12},"end":{"line":29,"column":16}},"19":{"start":{"line":27,"column":73},"end":{"line":29,"column":14}},"20":{"start":{"line":28,"column":20},"end":{"line":28,"column":159}},"21":{"start":{"line":30,"column":12},"end":{"line":39,"column":13}},"22":{"start":{"line":31,"column":16},"end":{"line":33,"column":19}},"23":{"start":{"line":36,"column":16},"end":{"line":38,"column":19}},"24":{"start":{"line":41,"column":13},"end":{"line":58,"column":9}},"25":{"start":{"line":43,"column":62},"end":{"line":43,"column":64}},"26":{"start":{"line":44,"column":25},"end":{"line":44,"column":64}},"27":{"start":{"line":45,"column":12},"end":{"line":47,"column":16}},"28":{"start":{"line":45,"column":60},"end":{"line":47,"column":14}},"29":{"start":{"line":46,"column":20},"end":{"line":46,"column":80}},"30":{"start":{"line":48,"column":12},"end":{"line":57,"column":13}},"31":{"start":{"line":49,"column":16},"end":{"line":51,"column":19}},"32":{"start":{"line":54,"column":16},"end":{"line":56,"column":19}},"33":{"start":{"line":62,"column":0},"end":{"line":62,"column":28}}},"fnMap":{"0":{"name":"(anonymous_8)","decl":{"start":{"line":9,"column":38},"end":{"line":9,"column":45}},"loc":{"start":{"line":9,"column":55},"end":{"line":60,"column":2}}},"1":{"name":"(anonymous_9)","decl":{"start":{"line":9,"column":55},"end":{"line":9,"column":null}},"loc":{"start":{"line":9,"column":55},"end":{"line":60,"column":1}}},"2":{"name":"(anonymous_10)","decl":{"start":{"line":27,"column":47},"end":{"line":27,"column":54}},"loc":{"start":{"line":27,"column":73},"end":{"line":29,"column":14}}},"3":{"name":"(anonymous_11)","decl":{"start":{"line":27,"column":73},"end":{"line":27,"column":null}},"loc":{"start":{"line":27,"column":73},"end":{"line":29,"column":13}}},"4":{"name":"(anonymous_12)","decl":{"start":{"line":45,"column":41},"end":{"line":45,"column":48}},"loc":{"start":{"line":45,"column":60},"end":{"line":47,"column":14}}},"5":{"name":"(anonymous_13)","decl":{"start":{"line":45,"column":60},"end":{"line":45,"column":null}},"loc":{"start":{"line":45,"column":60},"end":{"line":47,"column":13}}}},"branchMap":{"0":{"loc":{"start":{"line":13,"column":4},"end":{"line":16,"column":5}},"type":"if","locations":[{"start":{"line":13,"column":4},"end":{"line":16,"column":5}}]},"1":{"loc":{"start":{"line":18,"column":4},"end":{"line":59,"column":5}},"type":"if","locations":[{"start":{"line":18,"column":4},"end":{"line":59,"column":5}},{"start":{"line":21,"column":8},"end":{"line":59,"column":5}}]},"2":{"loc":{"start":{"line":23,"column":8},"end":{"line":58,"column":9}},"type":"if","locations":[{"start":{"line":23,"column":8},"end":{"line":58,"column":9}},{"start":{"line":41,"column":13},"end":{"line":58,"column":9}}]},"3":{"loc":{"start":{"line":30,"column":12},"end":{"line":39,"column":13}},"type":"if","locations":[{"start":{"line":30,"column":12},"end":{"line":39,"column":13}},{"start":{"line":35,"column":16},"end":{"line":39,"column":13}}]},"4":{"loc":{"start":{"line":41,"column":13},"end":{"line":58,"column":9}},"type":"if","locations":[{"start":{"line":41,"column":13},"end":{"line":58,"column":9}}]},"5":{"loc":{"start":{"line":48,"column":12},"end":{"line":57,"column":13}},"type":"if","locations":[{"start":{"line":48,"column":12},"end":{"line":57,"column":13}},{"start":{"line":53,"column":16},"end":{"line":57,"column":13}}]}},"s":{"0":7,"1":7,"2":7,"3":7,"4":7,"5":7,"6":7,"7":7,"8":7,"9":7,"10":2,"11":2,"12":5,"13":5,"14":1,"15":4,"16":2,"17":2,"18":2,"19":2,"20":2,"21":2,"22":2,"23":0,"24":2,"25":2,"26":2,"27":2,"28":2,"29":2,"30":2,"31":2,"32":0,"33":7},"f":{"0":7,"1":7,"2":2,"3":2,"4":2,"5":2},"b":{"0":[2],"1":[1,4],"2":[2,2],"3":[2,0],"4":[2],"5":[2,0]}}
,"C:\\Users\\hp\\Desktop\\VScode\\bellhotel\\routes\\inserisciHotel.ts": {"path":"C:\\Users\\hp\\Desktop\\VScode\\bellhotel\\routes\\inserisciHotel.ts","statementMap":{"0":{"start":{"line":2,"column":0},"end":{"line":2,"column":30}},"1":{"start":{"line":3,"column":0},"end":{"line":3,"column":38}},"2":{"start":{"line":4,"column":0},"end":{"line":4,"column":36}},"3":{"start":{"line":6,"column":0},"end":{"line":6,"column":32}},"4":{"start":{"line":8,"column":23},"end":{"line":8,"column":39}},"5":{"start":{"line":10,"column":0},"end":{"line":44,"column":3}},"6":{"start":{"line":10,"column":56},"end":{"line":44,"column":2}},"7":{"start":{"line":11,"column":20},"end":{"line":11,"column":38}},"8":{"start":{"line":12,"column":4},"end":{"line":15,"column":5}},"9":{"start":{"line":13,"column":8},"end":{"line":13,"column":55}},"10":{"start":{"line":14,"column":8},"end":{"line":14,"column":15}},"11":{"start":{"line":16,"column":17},"end":{"line":16,"column":55}},"12":{"start":{"line":17,"column":4},"end":{"line":41,"column":5}},"13":{"start":{"line":18,"column":8},"end":{"line":18,"column":53}},"14":{"start":{"line":19,"column":8},"end":{"line":19,"column":15}},"15":{"start":{"line":22,"column":8},"end":{"line":25,"column":9}},"16":{"start":{"line":23,"column":12},"end":{"line":23,"column":59}},"17":{"start":{"line":24,"column":12},"end":{"line":24,"column":19}},"18":{"start":{"line":26,"column":20},"end":{"line":26,"column":62}},"19":{"start":{"line":27,"column":8},"end":{"line":40,"column":9}},"20":{"start":{"line":28,"column":27},"end":{"line":33,"column":14}},"21":{"start":{"line":34,"column":12},"end":{"line":34,"column":34}},"22":{"start":{"line":35,"column":12},"end":{"line":35,"column":55}},"23":{"start":{"line":38,"column":12},"end":{"line":38,"column":56}},"24":{"start":{"line":39,"column":12},"end":{"line":39,"column":19}},"25":{"start":{"line":46,"column":0},"end":{"line":46,"column":30}}},"fnMap":{"0":{"name":"(anonymous_8)","decl":{"start":{"line":10,"column":39},"end":{"line":10,"column":46}},"loc":{"start":{"line":10,"column":56},"end":{"line":44,"column":2}}},"1":{"name":"(anonymous_9)","decl":{"start":{"line":10,"column":56},"end":{"line":10,"column":null}},"loc":{"start":{"line":10,"column":56},"end":{"line":44,"column":1}}}},"branchMap":{"0":{"loc":{"start":{"line":12,"column":4},"end":{"line":15,"column":5}},"type":"if","locations":[{"start":{"line":12,"column":4},"end":{"line":15,"column":5}}]},"1":{"loc":{"start":{"line":17,"column":4},"end":{"line":41,"column":5}},"type":"if","locations":[{"start":{"line":17,"column":4},"end":{"line":41,"column":5}},{"start":{"line":21,"column":8},"end":{"line":41,"column":5}}]},"2":{"loc":{"start":{"line":22,"column":8},"end":{"line":25,"column":9}},"type":"if","locations":[{"start":{"line":22,"column":8},"end":{"line":25,"column":9}}]},"3":{"loc":{"start":{"line":22,"column":11},"end":{"line":22,"column":100}},"type":"binary-expr","locations":[{"start":{"line":22,"column":11},"end":{"line":22,"column":42}},{"start":{"line":22,"column":47},"end":{"line":22,"column":71}},{"start":{"line":22,"column":76},"end":{"line":22,"column":99}}]},"4":{"loc":{"start":{"line":27,"column":8},"end":{"line":40,"column":9}},"type":"if","locations":[{"start":{"line":27,"column":8},"end":{"line":40,"column":9}},{"start":{"line":37,"column":12},"end":{"line":40,"column":9}}]}},"s":{"0":7,"1":7,"2":7,"3":7,"4":7,"5":7,"6":6,"7":6,"8":6,"9":1,"10":1,"11":5,"12":5,"13":1,"14":1,"15":4,"16":2,"17":2,"18":2,"19":2,"20":0,"21":0,"22":0,"23":2,"24":2,"25":7},"f":{"0":6,"1":6},"b":{"0":[1],"1":[1,4],"2":[2],"3":[4,3,3],"4":[0,2]}}
,"C:\\Users\\hp\\Desktop\\VScode\\bellhotel\\routes\\inserisciStanza.ts": {"path":"C:\\Users\\hp\\Desktop\\VScode\\bellhotel\\routes\\inserisciStanza.ts","statementMap":{"0":{"start":{"line":1,"column":0},"end":{"line":1,"column":30}},"1":{"start":{"line":2,"column":0},"end":{"line":2,"column":38}},"2":{"start":{"line":3,"column":0},"end":{"line":3,"column":36}},"3":{"start":{"line":4,"column":0},"end":{"line":4,"column":38}},"4":{"start":{"line":5,"column":0},"end":{"line":5,"column":32}},"5":{"start":{"line":7,"column":24},"end":{"line":7,"column":40}},"6":{"start":{"line":9,"column":0},"end":{"line":36,"column":3}},"7":{"start":{"line":9,"column":57},"end":{"line":36,"column":2}},"8":{"start":{"line":10,"column":20},"end":{"line":10,"column":37}},"9":{"start":{"line":11,"column":19},"end":{"line":11,"column":35}},"10":{"start":{"line":12,"column":4},"end":{"line":15,"column":5}},"11":{"start":{"line":13,"column":8},"end":{"line":13,"column":55}},"12":{"start":{"line":14,"column":8},"end":{"line":14,"column":15}},"13":{"start":{"line":17,"column":17},"end":{"line":17,"column":55}},"14":{"start":{"line":18,"column":16},"end":{"line":18,"column":52}},"15":{"start":{"line":20,"column":4},"end":{"line":23,"column":5}},"16":{"start":{"line":21,"column":8},"end":{"line":21,"column":53}},"17":{"start":{"line":22,"column":8},"end":{"line":22,"column":15}},"18":{"start":{"line":24,"column":4},"end":{"line":27,"column":5}},"19":{"start":{"line":25,"column":8},"end":{"line":25,"column":55}},"20":{"start":{"line":26,"column":8},"end":{"line":26,"column":15}},"21":{"start":{"line":28,"column":20},"end":{"line":32,"column":6}},"22":{"start":{"line":33,"column":4},"end":{"line":33,"column":27}},"23":{"start":{"line":34,"column":4},"end":{"line":34,"column":47}},"24":{"start":{"line":35,"column":4},"end":{"line":35,"column":11}},"25":{"start":{"line":37,"column":0},"end":{"line":37,"column":31}}},"fnMap":{"0":{"name":"(anonymous_8)","decl":{"start":{"line":9,"column":40},"end":{"line":9,"column":47}},"loc":{"start":{"line":9,"column":57},"end":{"line":36,"column":2}}},"1":{"name":"(anonymous_9)","decl":{"start":{"line":9,"column":57},"end":{"line":9,"column":null}},"loc":{"start":{"line":9,"column":57},"end":{"line":36,"column":1}}}},"branchMap":{"0":{"loc":{"start":{"line":12,"column":4},"end":{"line":15,"column":5}},"type":"if","locations":[{"start":{"line":12,"column":4},"end":{"line":15,"column":5}}]},"1":{"loc":{"start":{"line":12,"column":7},"end":{"line":12,"column":82}},"type":"binary-expr","locations":[{"start":{"line":12,"column":7},"end":{"line":12,"column":43}},{"start":{"line":12,"column":47},"end":{"line":12,"column":82}}]},"2":{"loc":{"start":{"line":20,"column":4},"end":{"line":23,"column":5}},"type":"if","locations":[{"start":{"line":20,"column":4},"end":{"line":23,"column":5}}]},"3":{"loc":{"start":{"line":20,"column":7},"end":{"line":20,"column":24}},"type":"binary-expr","locations":[{"start":{"line":20,"column":7},"end":{"line":20,"column":14}},{"start":{"line":20,"column":18},"end":{"line":20,"column":24}}]},"4":{"loc":{"start":{"line":24,"column":4},"end":{"line":27,"column":5}},"type":"if","locations":[{"start":{"line":24,"column":4},"end":{"line":27,"column":5}}]}},"s":{"0":7,"1":7,"2":7,"3":7,"4":7,"5":7,"6":7,"7":6,"8":6,"9":6,"10":6,"11":3,"12":3,"13":3,"14":3,"15":3,"16":1,"17":1,"18":2,"19":1,"20":1,"21":1,"22":1,"23":1,"24":1,"25":7},"f":{"0":6,"1":6},"b":{"0":[3],"1":[6,5],"2":[1],"3":[3,3],"4":[1]}}
,"C:\\Users\\hp\\Desktop\\VScode\\bellhotel\\routes\\prenotazione.ts": {"path":"C:\\Users\\hp\\Desktop\\VScode\\bellhotel\\routes\\prenotazione.ts","statementMap":{"0":{"start":{"line":1,"column":0},"end":{"line":1,"column":30}},"1":{"start":{"line":2,"column":0},"end":{"line":2,"column":36}},"2":{"start":{"line":3,"column":0},"end":{"line":3,"column":38}},"3":{"start":{"line":4,"column":0},"end":{"line":4,"column":49}},"4":{"start":{"line":5,"column":0},"end":{"line":5,"column":32}},"5":{"start":{"line":6,"column":0},"end":{"line":6,"column":38}},"6":{"start":{"line":9,"column":27},"end":{"line":9,"column":43}},"7":{"start":{"line":12,"column":0},"end":{"line":79,"column":3}},"8":{"start":{"line":12,"column":58},"end":{"line":79,"column":2}},"9":{"start":{"line":13,"column":4},"end":{"line":78,"column":5}},"10":{"start":{"line":15,"column":8},"end":{"line":18,"column":9}},"11":{"start":{"line":16,"column":12},"end":{"line":16,"column":59}},"12":{"start":{"line":17,"column":12},"end":{"line":17,"column":19}},"13":{"start":{"line":19,"column":19},"end":{"line":19,"column":65}},"14":{"start":{"line":20,"column":8},"end":{"line":23,"column":9}},"15":{"start":{"line":21,"column":12},"end":{"line":21,"column":57}},"16":{"start":{"line":22,"column":12},"end":{"line":22,"column":19}},"17":{"start":{"line":24,"column":26},"end":{"line":24,"column":38}},"18":{"start":{"line":25,"column":8},"end":{"line":28,"column":9}},"19":{"start":{"line":26,"column":12},"end":{"line":26,"column":59}},"20":{"start":{"line":27,"column":12},"end":{"line":27,"column":19}},"21":{"start":{"line":29,"column":21},"end":{"line":29,"column":60}},"22":{"start":{"line":30,"column":8},"end":{"line":55,"column":9}},"23":{"start":{"line":31,"column":12},"end":{"line":31,"column":57}},"24":{"start":{"line":32,"column":12},"end":{"line":32,"column":19}},"25":{"start":{"line":35,"column":25},"end":{"line":35,"column":93}},"26":{"start":{"line":36,"column":12},"end":{"line":36,"column":32}},"27":{"start":{"line":37,"column":72},"end":{"line":37,"column":74}},"28":{"start":{"line":38,"column":12},"end":{"line":42,"column":16}},"29":{"start":{"line":38,"column":61},"end":{"line":42,"column":14}},"30":{"start":{"line":39,"column":16},"end":{"line":41,"column":17}},"31":{"start":{"line":40,"column":20},"end":{"line":40,"column":103}},"32":{"start":{"line":43,"column":12},"end":{"line":54,"column":13}},"33":{"start":{"line":44,"column":16},"end":{"line":47,"column":19}},"34":{"start":{"line":50,"column":16},"end":{"line":52,"column":19}},"35":{"start":{"line":53,"column":16},"end":{"line":53,"column":23}},"36":{"start":{"line":57,"column":9},"end":{"line":78,"column":5}},"37":{"start":{"line":58,"column":30},"end":{"line":65,"column":10}},"38":{"start":{"line":66,"column":8},"end":{"line":66,"column":55}},"39":{"start":{"line":68,"column":21},"end":{"line":68,"column":45}},"40":{"start":{"line":69,"column":21},"end":{"line":69,"column":37}},"41":{"start":{"line":70,"column":8},"end":{"line":70,"column":55}},"42":{"start":{"line":72,"column":8},"end":{"line":76,"column":11}},"43":{"start":{"line":81,"column":0},"end":{"line":81,"column":34}}},"fnMap":{"0":{"name":"(anonymous_8)","decl":{"start":{"line":12,"column":41},"end":{"line":12,"column":48}},"loc":{"start":{"line":12,"column":58},"end":{"line":79,"column":2}}},"1":{"name":"(anonymous_9)","decl":{"start":{"line":12,"column":58},"end":{"line":12,"column":null}},"loc":{"start":{"line":12,"column":58},"end":{"line":79,"column":1}}},"2":{"name":"(anonymous_10)","decl":{"start":{"line":38,"column":41},"end":{"line":38,"column":48}},"loc":{"start":{"line":38,"column":61},"end":{"line":42,"column":14}}},"3":{"name":"(anonymous_11)","decl":{"start":{"line":38,"column":61},"end":{"line":38,"column":null}},"loc":{"start":{"line":38,"column":61},"end":{"line":42,"column":13}}}},"branchMap":{"0":{"loc":{"start":{"line":13,"column":4},"end":{"line":78,"column":5}},"type":"if","locations":[{"start":{"line":13,"column":4},"end":{"line":78,"column":5}},{"start":{"line":57,"column":9},"end":{"line":78,"column":5}}]},"1":{"loc":{"start":{"line":15,"column":8},"end":{"line":18,"column":9}},"type":"if","locations":[{"start":{"line":15,"column":8},"end":{"line":18,"column":9}}]},"2":{"loc":{"start":{"line":20,"column":8},"end":{"line":23,"column":9}},"type":"if","locations":[{"start":{"line":20,"column":8},"end":{"line":23,"column":9}}]},"3":{"loc":{"start":{"line":25,"column":8},"end":{"line":28,"column":9}},"type":"if","locations":[{"start":{"line":25,"column":8},"end":{"line":28,"column":9}}]},"4":{"loc":{"start":{"line":25,"column":11},"end":{"line":25,"column":112}},"type":"binary-expr","locations":[{"start":{"line":25,"column":11},"end":{"line":25,"column":49}},{"start":{"line":25,"column":53},"end":{"line":25,"column":79}},{"start":{"line":25,"column":83},"end":{"line":25,"column":112}}]},"5":{"loc":{"start":{"line":30,"column":8},"end":{"line":55,"column":9}},"type":"if","locations":[{"start":{"line":30,"column":8},"end":{"line":55,"column":9}},{"start":{"line":34,"column":12},"end":{"line":55,"column":9}}]},"6":{"loc":{"start":{"line":39,"column":16},"end":{"line":41,"column":17}},"type":"if","locations":[{"start":{"line":39,"column":16},"end":{"line":41,"column":17}}]},"7":{"loc":{"start":{"line":43,"column":12},"end":{"line":54,"column":13}},"type":"if","locations":[{"start":{"line":43,"column":12},"end":{"line":54,"column":13}},{"start":{"line":49,"column":16},"end":{"line":54,"column":13}}]},"8":{"loc":{"start":{"line":57,"column":9},"end":{"line":78,"column":5}},"type":"if","locations":[{"start":{"line":57,"column":9},"end":{"line":78,"column":5}}]}},"s":{"0":7,"1":7,"2":7,"3":7,"4":7,"5":7,"6":7,"7":7,"8":9,"9":9,"10":8,"11":1,"12":1,"13":7,"14":7,"15":1,"16":1,"17":6,"18":6,"19":3,"20":3,"21":3,"22":3,"23":1,"24":1,"25":2,"26":2,"27":2,"28":2,"29":1,"30":1,"31":1,"32":2,"33":1,"34":1,"35":1,"36":1,"37":1,"38":1,"39":1,"40":1,"41":1,"42":1,"43":7},"f":{"0":9,"1":9,"2":1,"3":1},"b":{"0":[8,1],"1":[1],"2":[1],"3":[3],"4":[6,5,4],"5":[1,2],"6":[1],"7":[1,1],"8":[1]}}
,"C:\\Users\\hp\\Desktop\\VScode\\bellhotel\\routes\\ricerca.ts": {"path":"C:\\Users\\hp\\Desktop\\VScode\\bellhotel\\routes\\ricerca.ts","statementMap":{"0":{"start":{"line":2,"column":0},"end":{"line":2,"column":30}},"1":{"start":{"line":3,"column":0},"end":{"line":3,"column":36}},"2":{"start":{"line":4,"column":0},"end":{"line":4,"column":38}},"3":{"start":{"line":6,"column":22},"end":{"line":6,"column":38}},"4":{"start":{"line":8,"column":0},"end":{"line":34,"column":3}},"5":{"start":{"line":8,"column":47},"end":{"line":34,"column":2}},"6":{"start":{"line":10,"column":17},"end":{"line":10,"column":68}},"7":{"start":{"line":11,"column":4},"end":{"line":33,"column":5}},"8":{"start":{"line":12,"column":8},"end":{"line":12,"column":53}},"9":{"start":{"line":13,"column":8},"end":{"line":13,"column":15}},"10":{"start":{"line":16,"column":77},"end":{"line":16,"column":79}},"11":{"start":{"line":17,"column":7},"end":{"line":22,"column":11}},"12":{"start":{"line":17,"column":55},"end":{"line":22,"column":9}},"13":{"start":{"line":18,"column":27},"end":{"line":18,"column":134}},"14":{"start":{"line":19,"column":12},"end":{"line":21,"column":13}},"15":{"start":{"line":20,"column":16},"end":{"line":20,"column":108}},"16":{"start":{"line":24,"column":7},"end":{"line":32,"column":8}},"17":{"start":{"line":25,"column":12},"end":{"line":28,"column":15}},"18":{"start":{"line":31,"column":12},"end":{"line":31,"column":57}},"19":{"start":{"line":35,"column":0},"end":{"line":35,"column":29}}},"fnMap":{"0":{"name":"(anonymous_8)","decl":{"start":{"line":8,"column":30},"end":{"line":8,"column":37}},"loc":{"start":{"line":8,"column":47},"end":{"line":34,"column":2}}},"1":{"name":"(anonymous_9)","decl":{"start":{"line":8,"column":47},"end":{"line":8,"column":null}},"loc":{"start":{"line":8,"column":47},"end":{"line":34,"column":1}}},"2":{"name":"(anonymous_10)","decl":{"start":{"line":17,"column":36},"end":{"line":17,"column":43}},"loc":{"start":{"line":17,"column":55},"end":{"line":22,"column":9}}},"3":{"name":"(anonymous_11)","decl":{"start":{"line":17,"column":55},"end":{"line":17,"column":null}},"loc":{"start":{"line":17,"column":55},"end":{"line":22,"column":8}}}},"branchMap":{"0":{"loc":{"start":{"line":11,"column":4},"end":{"line":33,"column":5}},"type":"if","locations":[{"start":{"line":11,"column":4},"end":{"line":33,"column":5}},{"start":{"line":15,"column":8},"end":{"line":33,"column":5}}]},"1":{"loc":{"start":{"line":19,"column":12},"end":{"line":21,"column":13}},"type":"if","locations":[{"start":{"line":19,"column":12},"end":{"line":21,"column":13}}]},"2":{"loc":{"start":{"line":24,"column":7},"end":{"line":32,"column":8}},"type":"if","locations":[{"start":{"line":24,"column":7},"end":{"line":32,"column":8}},{"start":{"line":30,"column":11},"end":{"line":32,"column":8}}]}},"s":{"0":7,"1":7,"2":7,"3":7,"4":7,"5":3,"6":3,"7":3,"8":0,"9":0,"10":3,"11":3,"12":2,"13":2,"14":2,"15":1,"16":3,"17":1,"18":2,"19":7},"f":{"0":3,"1":3,"2":2,"3":2},"b":{"0":[0,3],"1":[1],"2":[1,2]}}
}
