TN:
SF:app.ts
FNF:0
FNH:0
DA:2,7
DA:3,7
DA:4,7
DA:5,7
DA:6,7
DA:7,7
DA:8,7
DA:9,7
DA:10,7
DA:11,7
DA:13,7
DA:17,7
DA:21,7
DA:22,7
DA:23,7
DA:25,7
DA:26,7
DA:27,7
DA:28,7
DA:29,7
DA:30,7
DA:31,7
DA:33,7
LF:23
LH:23
BRF:0
BRH:0
end_of_record
TN:
SF:scripts.ts
FN:12,generaUtenteTest
FN:22,generaHotelTest
FN:33,generaStanzaTest
FN:44,generaPrenotazioneTest
FN:58,deleteUtenteTest
FN:66,deleteHotelTest
FN:74,deleteStanzaTest
FN:82,deletePrenotazioneTest
FNF:8
FNH:8
FNDA:15,generaUtenteTest
FNDA:7,generaHotelTest
FNDA:4,generaStanzaTest
FNDA:3,generaPrenotazioneTest
FNDA:18,deleteUtenteTest
FNDA:8,deleteHotelTest
FNDA:2,deleteStanzaTest
FNDA:3,deletePrenotazioneTest
DA:2,7
DA:3,7
DA:4,7
DA:5,7
DA:6,7
DA:7,7
DA:9,7
DA:12,7
DA:13,15
DA:18,15
DA:19,15
DA:22,7
DA:23,7
DA:29,7
DA:30,7
DA:33,7
DA:34,4
DA:40,4
DA:41,4
DA:44,7
DA:45,3
DA:54,3
DA:55,3
DA:58,7
DA:59,18
DA:60,18
DA:61,0
DA:63,18
DA:66,7
DA:67,8
DA:68,8
DA:69,0
DA:71,8
DA:74,7
DA:75,2
DA:76,2
DA:77,0
DA:79,2
DA:82,7
DA:83,3
DA:84,3
DA:85,0
DA:87,3
LF:43
LH:39
BRDA:60,0,0,0
BRDA:68,1,0,0
BRDA:76,2,0,0
BRDA:84,3,0,0
BRF:4
BRH:0
end_of_record
TN:
SF:models\Utente.ts
FN:4,(anonymous_6)
FNF:1
FNH:1
FNDA:7,(anonymous_6)
DA:1,7
DA:4,7
DA:5,7
DA:6,7
DA:16,7
DA:32,7
LF:6
LH:6
BRDA:4,0,0,7
BRDA:4,0,1,7
BRF:2
BRH:2
end_of_record
TN:
SF:models\hotel.ts
FNF:0
FNH:0
DA:1,7
DA:12,7
DA:30,7
LF:3
LH:3
BRF:0
BRH:0
end_of_record
TN:
SF:models\prenotazione.ts
FNF:0
FNH:0
DA:1,7
DA:15,7
DA:42,7
LF:3
LH:3
BRF:0
BRH:0
end_of_record
TN:
SF:models\stanza.ts
FNF:0
FNH:0
DA:1,7
DA:11,7
DA:26,7
LF:3
LH:3
BRF:0
BRH:0
end_of_record
TN:
SF:routes\autenticazione.ts
FN:10,(anonymous_8)
FN:10,(anonymous_9)
FN:44,(anonymous_10)
FN:44,(anonymous_11)
FN:66,validateEmail
FN:72,validatePsw
FNF:6
FNH:6
FNDA:5,(anonymous_8)
FNDA:5,(anonymous_9)
FNDA:3,(anonymous_10)
FNDA:3,(anonymous_11)
FNDA:5,validateEmail
FNDA:4,validatePsw
DA:2,7
DA:4,7
DA:7,7
DA:10,7
DA:12,5
DA:13,2
DA:14,2
DA:17,3
DA:18,1
DA:19,1
DA:22,2
DA:23,2
DA:24,1
DA:25,1
DA:28,1
DA:34,1
DA:35,1
DA:44,7
DA:45,3
DA:46,3
DA:47,2
DA:48,2
DA:50,1
DA:51,0
DA:52,0
DA:55,1
DA:67,5
DA:68,5
DA:73,4
DA:74,4
DA:77,7
LF:31
LH:29
BRDA:12,0,0,2
BRDA:12,1,0,5
BRDA:12,1,1,4
BRDA:17,2,0,1
BRDA:17,3,0,3
BRDA:17,3,1,3
BRDA:23,4,0,1
BRDA:46,5,0,2
BRDA:50,6,0,0
BRF:9
BRH:8
end_of_record
TN:
SF:routes\eliminaAccount.ts
FN:10,(anonymous_8)
FN:10,(anonymous_9)
FN:31,(anonymous_10)
FN:31,(anonymous_11)
FN:52,(anonymous_12)
FN:52,(anonymous_13)
FNF:6
FNH:6
FNDA:6,(anonymous_8)
FNDA:6,(anonymous_9)
FNDA:1,(anonymous_10)
FNDA:1,(anonymous_11)
FNDA:1,(anonymous_12)
FNDA:1,(anonymous_13)
DA:1,7
DA:2,7
DA:3,7
DA:4,7
DA:5,7
DA:6,7
DA:8,7
DA:10,7
DA:13,6
DA:14,1
DA:15,1
DA:17,5
DA:18,5
DA:19,1
DA:20,1
DA:23,4
DA:25,2
DA:26,2
DA:27,0
DA:28,0
DA:31,2
DA:32,1
DA:33,1
DA:34,1
DA:35,1
DA:38,2
DA:39,2
DA:40,2
DA:45,2
DA:46,2
DA:47,0
DA:48,0
DA:52,2
DA:53,1
DA:54,1
DA:56,2
DA:57,2
DA:58,2
DA:62,7
LF:39
LH:35
BRDA:13,0,0,1
BRDA:18,1,0,1
BRDA:23,2,0,2
BRDA:23,2,1,2
BRDA:26,3,0,0
BRDA:26,3,1,2
BRDA:46,4,0,0
BRDA:46,4,1,2
BRF:8
BRH:6
end_of_record
TN:
SF:routes\getIDs.ts
FN:9,(anonymous_8)
FN:9,(anonymous_9)
FN:27,(anonymous_10)
FN:27,(anonymous_11)
FN:45,(anonymous_12)
FN:45,(anonymous_13)
FNF:6
FNH:6
FNDA:7,(anonymous_8)
FNDA:7,(anonymous_9)
FNDA:2,(anonymous_10)
FNDA:2,(anonymous_11)
FNDA:2,(anonymous_12)
FNDA:2,(anonymous_13)
DA:1,7
DA:2,7
DA:3,7
DA:4,7
DA:5,7
DA:7,7
DA:9,7
DA:11,7
DA:13,7
DA:14,2
DA:15,2
DA:17,5
DA:18,5
DA:19,1
DA:23,4
DA:25,2
DA:26,2
DA:27,2
DA:28,2
DA:30,2
DA:31,2
DA:36,0
DA:41,2
DA:43,2
DA:44,2
DA:45,2
DA:46,2
DA:48,2
DA:49,2
DA:54,0
DA:62,7
LF:31
LH:29
BRDA:13,0,0,2
BRDA:18,1,0,1
BRDA:18,1,1,4
BRDA:23,2,0,2
BRDA:23,2,1,2
BRDA:30,3,0,2
BRDA:30,3,1,0
BRDA:41,4,0,2
BRDA:48,5,0,2
BRDA:48,5,1,0
BRF:10
BRH:8
end_of_record
TN:
SF:routes\inserisciHotel.ts
FN:10,(anonymous_8)
FN:10,(anonymous_9)
FNF:2
FNH:2
FNDA:6,(anonymous_8)
FNDA:6,(anonymous_9)
DA:2,7
DA:3,7
DA:4,7
DA:6,7
DA:8,7
DA:10,7
DA:11,6
DA:12,6
DA:13,1
DA:14,1
DA:16,5
DA:17,5
DA:18,1
DA:19,1
DA:22,4
DA:23,2
DA:24,2
DA:26,2
DA:27,2
DA:28,0
DA:34,0
DA:35,0
DA:38,2
DA:39,2
DA:46,7
LF:25
LH:22
BRDA:12,0,0,1
BRDA:17,1,0,1
BRDA:17,1,1,4
BRDA:22,2,0,2
BRDA:22,3,0,4
BRDA:22,3,1,3
BRDA:22,3,2,3
BRDA:27,4,0,0
BRDA:27,4,1,2
BRF:9
BRH:8
end_of_record
TN:
SF:routes\inserisciStanza.ts
FN:9,(anonymous_8)
FN:9,(anonymous_9)
FNF:2
FNH:2
FNDA:6,(anonymous_8)
FNDA:6,(anonymous_9)
DA:1,7
DA:2,7
DA:3,7
DA:4,7
DA:5,7
DA:7,7
DA:9,7
DA:10,6
DA:11,6
DA:12,6
DA:13,3
DA:14,3
DA:17,3
DA:18,3
DA:20,3
DA:21,1
DA:22,1
DA:24,2
DA:25,1
DA:26,1
DA:28,1
DA:33,1
DA:34,1
DA:35,1
DA:37,7
LF:25
LH:25
BRDA:12,0,0,3
BRDA:12,1,0,6
BRDA:12,1,1,5
BRDA:20,2,0,1
BRDA:20,3,0,3
BRDA:20,3,1,3
BRDA:24,4,0,1
BRF:7
BRH:7
end_of_record
TN:
SF:routes\prenotazione.ts
FN:12,(anonymous_8)
FN:12,(anonymous_9)
FN:38,(anonymous_10)
FN:38,(anonymous_11)
FNF:4
FNH:4
FNDA:9,(anonymous_8)
FNDA:9,(anonymous_9)
FNDA:1,(anonymous_10)
FNDA:1,(anonymous_11)
DA:1,7
DA:2,7
DA:3,7
DA:4,7
DA:5,7
DA:6,7
DA:9,7
DA:12,9
DA:13,9
DA:15,8
DA:16,1
DA:17,1
DA:19,7
DA:20,7
DA:21,1
DA:22,1
DA:24,6
DA:25,6
DA:26,3
DA:27,3
DA:29,3
DA:30,3
DA:31,1
DA:32,1
DA:35,2
DA:36,2
DA:37,2
DA:38,2
DA:39,1
DA:40,1
DA:43,2
DA:44,1
DA:50,1
DA:53,1
DA:57,1
DA:58,1
DA:66,1
DA:68,1
DA:69,1
DA:70,1
DA:72,1
DA:81,7
LF:42
LH:42
BRDA:13,0,0,8
BRDA:13,0,1,1
BRDA:15,1,0,1
BRDA:20,2,0,1
BRDA:25,3,0,3
BRDA:25,4,0,6
BRDA:25,4,1,5
BRDA:25,4,2,4
BRDA:30,5,0,1
BRDA:30,5,1,2
BRDA:39,6,0,1
BRDA:43,7,0,1
BRDA:43,7,1,1
BRDA:57,8,0,1
BRF:14
BRH:14
end_of_record
TN:
SF:routes\ricerca.ts
FN:8,(anonymous_8)
FN:8,(anonymous_9)
FN:17,(anonymous_10)
FN:17,(anonymous_11)
FNF:4
FNH:4
FNDA:3,(anonymous_8)
FNDA:3,(anonymous_9)
FNDA:2,(anonymous_10)
FNDA:2,(anonymous_11)
DA:2,7
DA:3,7
DA:4,7
DA:6,7
DA:8,7
DA:10,3
DA:11,3
DA:12,0
DA:13,0
DA:16,3
DA:17,3
DA:18,2
DA:19,2
DA:20,1
DA:24,3
DA:25,1
DA:31,2
DA:35,7
LF:18
LH:16
BRDA:11,0,0,0
BRDA:11,0,1,3
BRDA:19,1,0,1
BRDA:24,2,0,1
BRDA:24,2,1,2
BRF:5
BRH:4
end_of_record
